d:\tmp\tmp_oop\debug\vc142.pdb
d:\tmp\tmp_oop\debug\vc142.idb
d:\tmp\tmp_oop\debug\triangle_out.obj
d:\tmp\tmp_oop\debug\shape_in.obj
d:\tmp\tmp_oop\debug\triangle_in.obj
d:\tmp\tmp_oop\debug\main.obj
d:\tmp\tmp_oop\debug\rectangle_out.obj
d:\tmp\tmp_oop\debug\rectangle_in.obj
d:\tmp\tmp_oop\debug\container_out.obj
d:\tmp\tmp_oop\debug\container_in.obj
d:\tmp\tmp_oop\debug\container_constr.obj
d:\tmp\tmp_oop\debug\movie.obj
d:\tmp\tmp_oop\debug\fiction.obj
d:\tmp\tmp_oop\debug\container.obj
d:\tmp\tmp_oop\debug\cartoon.obj
d:\tmp\tmp_oop\debug\documentary.obj
d:\tmp\tmp_oop\debug\tmp_oop.exe
d:\tmp\tmp_oop\debug\tmp_oop.ilk
d:\tmp\tmp_oop\debug\tmp_oop.pdb
d:\tmp\tmp_oop\debug\tmp_oop.tlog\cl.command.1.tlog
d:\tmp\tmp_oop\debug\tmp_oop.tlog\cl.read.1.tlog
d:\tmp\tmp_oop\debug\tmp_oop.tlog\cl.write.1.tlog
d:\tmp\tmp_oop\debug\tmp_oop.tlog\link.command.1.tlog
d:\tmp\tmp_oop\debug\tmp_oop.tlog\link.read.1.tlog
d:\tmp\tmp_oop\debug\tmp_oop.tlog\link.write.1.tlog
